<?xml version="1.0" encoding="UTF-8"?>
<!-- Generated by org.testng.reporters.JUnitReportReporter -->
<testsuite hostname="DESKTOP-CDN2BDQ" failures="0" tests="4" name="com.qa.opencart.test.LoginpageTest" time="0.493" errors="0" timestamp="2022-10-27T10:42:44 IST" skipped="0">
  <testcase classname="com.qa.opencart.test.LoginpageTest" name="doLogin" time="0.271"/>
  <system-out/>
  <testcase classname="com.qa.opencart.test.LoginpageTest" name="forgotPwdLink" time="0.207"/>
  <system-out/>
  <testcase classname="com.qa.opencart.test.LoginpageTest" name="loginPageTitle" time="0.008"/>
  <system-out/>
  <testcase classname="com.qa.opencart.test.LoginpageTest" name="loginPageUrl" time="0.007"/>
  <system-out/>
</testsuite> <!-- com.qa.opencart.test.LoginpageTest -->
